<?xml version="1.0" encoding="UTF-8"?>
<!-- Generated by org.testng.reporters.JUnitReportReporter -->
<testsuite hostname="DESKTOP-5CJSCVQ" name="com.bdd.utilities.Runner" tests="1" failures="0" timestamp="13 Nov 2018 06:12:26 GMT" time="2.307" errors="0">
  <testcase name="runCuke" time="2.307" classname="com.bdd.utilities.Runner"/>
</testsuite> <!-- com.bdd.utilities.Runner -->
